<?xml version="1.0" encoding="UTF-8"?>
<testng-results ignored="0" total="1" passed="1" failed="0" skipped="0">
  <reporter-output>
  </reporter-output>
  <suite started-at="2024-03-13T10:34:22 IST" name="api" finished-at="2024-03-13T10:34:27 IST" duration-ms="5159">
    <groups>
    </groups>
    <test started-at="2024-03-13T10:34:22 IST" name="api" finished-at="2024-03-13T10:34:27 IST" duration-ms="5159">
      <class name="DEMO.DEMO">
        <test-method signature="api()[pri:0, instance:DEMO.DEMO@82de64a]" started-at="2024-03-13T10:34:22 IST" name="api" finished-at="2024-03-13T10:34:27 IST" duration-ms="5059" status="PASS">
          <reporter-output>
          </reporter-output>
        </test-method> <!-- api -->
      </class> <!-- DEMO.DEMO -->
    </test> <!-- api -->
  </suite> <!-- api -->
</testng-results>
